{"level":"error","message":"Incorrect password","metadata":{"req":{"httpVersion":"1.1","method":"POST","originalUrl":"/login"}},"timestamp":"2023-05-12 15:49:42"}
{"level":"error","message":"Incorrect password","metadata":{"req":{"httpVersion":"1.1","method":"POST","originalUrl":"/login"}},"timestamp":"2023-05-12 15:54:45"}
{"level":"error","message":"Incorrect password","metadata":{"req":{"httpVersion":"1.1","method":"POST","originalUrl":"/login"}},"timestamp":"2023-05-12 15:58:41"}
{"level":"error","message":"Incorrect password","metadata":{"req":{"httpVersion":"1.1","method":"POST","originalUrl":"/login"}},"timestamp":"2023-05-12 16:01:52"}
{"level":"error","message":"Incorrect password","metadata":{"req":{"httpVersion":"1.1","method":"POST","originalUrl":"/login","status":200}},"timestamp":"2023-05-12 16:02:41"}
{"level":"error","message":"Incorrect password","metadata":{"req":{"httpVersion":"1.1","method":"POST","originalUrl":"/login"}},"timestamp":"2023-05-12 16:05:35"}
{"level":"error","message":"Incorrect password","metadata":{"req":{"httpVersion":"1.1","method":"POST","originalUrl":"/login","statusCode":null}},"timestamp":"2023-05-12 16:13:11"}
{"level":"error","message":"Incorrect password","metadata":{"req":{"httpVersion":"1.1","method":"POST","originalUrl":"/login"}},"timestamp":"2023-05-12 16:13:57"}
{"level":"error","message":"Incorrect password","metadata":{"req":{"httpVersion":"1.1","method":"POST","originalUrl":"/login"}},"timestamp":"2023-05-12 16:14:18"}
{"level":"error","message":"Incorrect password","metadata":{"req":{"httpVersion":"1.1","method":"POST","originalUrl":"/login","statusCode":null}},"timestamp":"2023-05-12 16:14:44"}
{"level":"error","message":"Incorrect password","metadata":{"req":{"httpVersion":"1.1","method":"POST","originalUrl":"/login"}},"timestamp":"2023-05-12 16:15:02"}
{"level":"error","message":"Incorrect password","metadata":{"req":{"httpVersion":"1.1","method":"POST","originalUrl":"/login"}},"timestamp":"2023-05-12 16:17:19"}
{"level":"error","message":"Incorrect password","metadata":{"req":{"httpVersion":"1.1","method":"POST","originalUrl":"/login"}},"timestamp":"2023-05-12 16:18:32"}
{"level":"info","message":"course saved successfully","metadata":{"req":{"httpVersion":"1.1","method":"POST","originalUrl":"/course"}},"timestamp":"2023-05-12 16:24:02"}
{"level":"error","message":"Some error occurred while retrieving courses","metadata":{"req":{"httpVersion":"1.1","method":"GET","originalUrl":"/course/645cc87ccd57698488bfaaa052?field=dentist"}},"timestamp":"2023-05-12 16:39:26"}
{"level":"error","message":"Some error occurred while retrieving courses","metadata":{"req":{"httpVersion":"1.1","method":"GET","originalUrl":"/course/645cc87ccd57698dd488bfa052?field=dentist"}},"timestamp":"2023-05-12 16:40:28"}
{"level":"error","message":"field not found for this user","metadata":{"req":{"httpVersion":"1.1","method":"GET","originalUrl":"/courses?field=literss"}},"timestamp":"2023-05-12 16:56:30"}
{"level":"info","message":"Student saved successfully","metadata":{"req":{"httpVersion":"1.1","method":"POST","originalUrl":"/api/posts/admin/student"}},"timestamp":"2023-05-12 22:16:07"}
{"level":"info","message":"admin saved successfully","timestamp":"2023-05-14 12:06:02"}
{"level":"info","message":"Student saved successfully","metadata":{"req":{"httpVersion":"1.1","method":"POST","originalUrl":"/admin/student"}},"timestamp":"2023-05-14 12:26:37"}
{"level":"info","message":"Student saved successfully","metadata":{"req":{"httpVersion":"1.1","method":"POST","originalUrl":"/admin/student"}},"timestamp":"2023-05-14 12:28:55"}
{"level":"info","message":"Student saved successfully","metadata":{"req":{"httpVersion":"1.1","method":"POST","originalUrl":"/admin/student"}},"timestamp":"2023-05-14 12:30:47"}
{"level":"error","message":"Some error occurred while saving student","metadata":{"req":{"httpVersion":"1.1","method":"POST","originalUrl":"/admin/student"}},"timestamp":"2023-05-14 12:30:47"}
{"level":"error","message":"Some error occurred while saving student","metadata":{"req":{"httpVersion":"1.1","method":"POST","originalUrl":"/admin/student"}},"timestamp":"2023-05-14 12:42:32"}
{"level":"error","message":"Some error occurred while saving student","metadata":{"req":{"httpVersion":"1.1","method":"POST","originalUrl":"/admin/student"}},"timestamp":"2023-05-14 12:45:30"}
{"level":"error","message":"Some error occurred while saving student","metadata":{"req":{"httpVersion":"1.1","method":"POST","originalUrl":"/admin/student"}},"timestamp":"2023-05-14 12:45:31"}
{"level":"error","message":"Some error occurred while saving student","metadata":{"req":{"httpVersion":"1.1","method":"POST","originalUrl":"/admin/student"}},"timestamp":"2023-05-14 12:45:32"}
{"level":"error","message":"Some error occurred while saving student","metadata":{"req":{"httpVersion":"1.1","method":"POST","originalUrl":"/admin/student"}},"timestamp":"2023-05-14 12:45:33"}
{"level":"info","message":"Student saved successfully","metadata":{"req":{"httpVersion":"1.1","method":"POST","originalUrl":"/admin/student"}},"timestamp":"2023-05-14 13:13:38"}
{"level":"error","message":"Some error occurred while saving student","metadata":{"req":{"httpVersion":"1.1","method":"POST","originalUrl":"/admin/student"}},"timestamp":"2023-05-14 13:13:38"}
{"level":"info","message":"Student saved successfully","metadata":{"req":{"httpVersion":"1.1","method":"POST","originalUrl":"/admin/student"}},"timestamp":"2023-05-14 13:17:05"}
{"level":"error","message":"Some error occurred while saving student","metadata":{"req":{"httpVersion":"1.1","method":"POST","originalUrl":"/admin/student"}},"timestamp":"2023-05-14 13:17:05"}
{"level":"info","message":"Student saved successfully","metadata":{"req":{"httpVersion":"1.1","method":"POST","originalUrl":"/admin/student"}},"timestamp":"2023-05-14 13:20:27"}
{"level":"error","message":"Some error occurred while saving student","metadata":{"req":{"httpVersion":"1.1","method":"POST","originalUrl":"/admin/student"}},"timestamp":"2023-05-14 13:22:11"}
{"level":"info","message":"Get student by id successfully","metadata":{"req":{"httpVersion":"1.1","method":"GET","originalUrl":"/admin/student/6460aee391e506d81a379476"}},"timestamp":"2023-05-14 13:25:17"}
{"level":"error","message":"Error updating Professor with id","metadata":{"req":{"httpVersion":"1.1","method":"PUT","originalUrl":"/admin/Professor/6460b471d778ea26f101edff"}},"timestamp":"2023-05-14 14:01:01"}
{"level":"error","message":"Error updating Professor with id","metadata":{"req":{"httpVersion":"1.1","method":"PUT","originalUrl":"/admin/Professor/6460b471d778ea26f101edff"}},"timestamp":"2023-05-14 14:17:37"}
{"level":"info","message":"Get student by id successfully","metadata":{"req":{"httpVersion":"1.1","method":"GET","originalUrl":"/admin/student/645e896f0a7211e01bfac5b2"}},"timestamp":"2023-05-14 14:21:12"}
{"level":"info","message":"Professor deleted successfully","metadata":{"req":{"httpVersion":"1.1","method":"DELETE","originalUrl":"/admin/Professor/645d1032f89e72f3127b14e6"}},"timestamp":"2023-05-14 14:25:37"}
{"level":"error","message":"Error updating Professor with id","metadata":{"req":{"httpVersion":"1.1","method":"PUT","originalUrl":"/admin/Professor/645d1032f89e72f3127b14e6"}},"timestamp":"2023-05-14 14:25:52"}
{"level":"error","message":"Some error occurred while saving student","metadata":{"req":{"httpVersion":"1.1","method":"POST","originalUrl":"/admin/student"}},"timestamp":"2023-05-14 14:49:21"}
{"level":"error","message":"Some error occurred while saving student","metadata":{"req":{"httpVersion":"1.1","method":"POST","originalUrl":"/admin/student"}},"timestamp":"2023-05-14 14:52:44"}
{"level":"info","message":"admin saved successfully","timestamp":"2023-05-14 14:56:19"}
{"level":"error","message":"Some error occurred while saving student","metadata":{"req":{"httpVersion":"1.1","method":"POST","originalUrl":"/admin/student"}},"timestamp":"2023-05-14 14:58:02"}
{"level":"info","message":"Student saved successfully","metadata":{"req":{"httpVersion":"1.1","method":"POST","originalUrl":"/admin/student"}},"timestamp":"2023-05-14 15:04:45"}
{"level":"info","message":"admin saved successfully","timestamp":"2023-05-14 15:15:13"}
{"level":"info","message":"Student saved successfully","metadata":{"req":{"httpVersion":"1.1","method":"POST","originalUrl":"/admin/student"}},"timestamp":"2023-05-14 15:17:40"}
{"level":"error","message":"Error retrieving while saving professor","metadata":{"req":{"httpVersion":"1.1","method":"POST","originalUrl":"/admin/Professor"}},"timestamp":"2023-05-14 15:24:30"}
{"level":"info","message":"course saved successfully","metadata":{"req":{"httpVersion":"1.1","method":"POST","originalUrl":"/course"}},"timestamp":"2023-05-14 15:39:18"}
{"level":"info","message":"Get student by id successfully","metadata":{"req":{"httpVersion":"1.1","method":"GET","originalUrl":"/admin/student/645e896f0a7211e01bfac5b2"}},"timestamp":"2023-05-14 15:46:07"}
{"level":"info","message":"Professor deleted successfully","metadata":{"req":{"httpVersion":"1.1","method":"DELETE","originalUrl":"/admin/Professor/6460cc027d60365c415ccf8d"}},"timestamp":"2023-05-14 15:49:55"}
{"level":"info","message":"course updated successfully","metadata":{"req":{"httpVersion":"1.1","method":"PUT","originalUrl":"/course/645cc87ccd57698488bfa052"}},"timestamp":"2023-05-14 16:06:17"}
{"level":"error","message":"field not found for this user","metadata":{"req":{"httpVersion":"1.1","method":"GET","originalUrl":"/courses"}},"timestamp":"2023-05-14 16:18:36"}
{"level":"error","message":"field not found for this user","metadata":{"req":{"httpVersion":"1.1","method":"GET","originalUrl":"/courses"}},"timestamp":"2023-05-14 16:18:52"}
{"level":"error","message":"Incorrect password","metadata":{"req":{"httpVersion":"1.1","method":"POST","originalUrl":"/login"}},"timestamp":"2023-05-14 16:22:22"}
{"level":"error","message":"Some error occurred while retrieving student by id","metadata":{"req":{"httpVersion":"1.1","method":"GET","originalUrl":"/student/32"}},"timestamp":"2023-05-14 16:23:31"}
{"level":"error","message":"Some error occurred while retrieving student by id","metadata":{"req":{"httpVersion":"1.1","method":"GET","originalUrl":"/student/32"}},"timestamp":"2023-05-14 16:23:46"}
{"level":"info","message":"Get student by id successfully","metadata":{"req":{"httpVersion":"1.1","method":"GET","originalUrl":"/student/6460c75586d94d06ac55dbaa"}},"timestamp":"2023-05-14 16:24:23"}
{"level":"error","message":"field not found for this user","metadata":{"req":{"httpVersion":"1.1","method":"GET","originalUrl":"/courses"}},"timestamp":"2023-05-14 16:28:07"}
